2024-12-23T22:19:00.715+09:00  INFO 24892 --- [task_management] [restartedMain] c.s.t.TaskManagementApplication          : Starting TaskManagementApplication using Java 17.0.2 with PID 24892 (D:\task_management\target\classes started by ottotto in D:\task_management)
2024-12-23T22:19:00.721+09:00  INFO 24892 --- [task_management] [restartedMain] c.s.t.TaskManagementApplication          : No active profile set, falling back to 1 default profile: "default"
2024-12-23T22:19:00.760+09:00  INFO 24892 --- [task_management] [restartedMain] .e.DevToolsPropertyDefaultsPostProcessor : Devtools property defaults active! Set 'spring.devtools.add-properties' to 'false' to disable
2024-12-23T22:19:00.761+09:00  INFO 24892 --- [task_management] [restartedMain] .e.DevToolsPropertyDefaultsPostProcessor : For additional web related logging consider setting the 'logging.level.web' property to 'DEBUG'
2024-12-23T22:19:01.331+09:00  INFO 24892 --- [task_management] [restartedMain] .s.d.r.c.RepositoryConfigurationDelegate : Bootstrapping Spring Data JPA repositories in DEFAULT mode.
2024-12-23T22:19:01.403+09:00  INFO 24892 --- [task_management] [restartedMain] .s.d.r.c.RepositoryConfigurationDelegate : Finished Spring Data repository scanning in 64 ms. Found 4 JPA repository interfaces.
2024-12-23T22:19:01.975+09:00  INFO 24892 --- [task_management] [restartedMain] o.s.b.w.embedded.tomcat.TomcatWebServer  : Tomcat initialized with port 8080 (http)
2024-12-23T22:19:01.992+09:00  INFO 24892 --- [task_management] [restartedMain] o.apache.catalina.core.StandardService   : Starting service [Tomcat]
2024-12-23T22:19:01.993+09:00  INFO 24892 --- [task_management] [restartedMain] o.apache.catalina.core.StandardEngine    : Starting Servlet engine: [Apache Tomcat/10.1.33]
2024-12-23T22:19:02.065+09:00  INFO 24892 --- [task_management] [restartedMain] o.a.c.c.C.[Tomcat].[localhost].[/]       : Initializing Spring embedded WebApplicationContext
2024-12-23T22:19:02.066+09:00  INFO 24892 --- [task_management] [restartedMain] w.s.c.ServletWebServerApplicationContext : Root WebApplicationContext: initialization completed in 1304 ms
2024-12-23T22:19:02.243+09:00  INFO 24892 --- [task_management] [restartedMain] com.zaxxer.hikari.HikariDataSource       : HikariPool-1 - Starting...
2024-12-23T22:19:02.560+09:00  INFO 24892 --- [task_management] [restartedMain] com.zaxxer.hikari.pool.HikariPool        : HikariPool-1 - Added connection com.mysql.cj.jdbc.ConnectionImpl@3f68b538
2024-12-23T22:19:02.562+09:00  INFO 24892 --- [task_management] [restartedMain] com.zaxxer.hikari.HikariDataSource       : HikariPool-1 - Start completed.
2024-12-23T22:19:02.593+09:00  INFO 24892 --- [task_management] [restartedMain] o.hibernate.jpa.internal.util.LogHelper  : HHH000204: Processing PersistenceUnitInfo [name: default]
2024-12-23T22:19:02.632+09:00  INFO 24892 --- [task_management] [restartedMain] org.hibernate.Version                    : HHH000412: Hibernate ORM core version 6.5.3.Final
2024-12-23T22:19:02.679+09:00  INFO 24892 --- [task_management] [restartedMain] o.h.c.internal.RegionFactoryInitiator    : HHH000026: Second-level cache disabled
2024-12-23T22:19:03.023+09:00  INFO 24892 --- [task_management] [restartedMain] o.s.o.j.p.SpringPersistenceUnitInfo      : No LoadTimeWeaver setup: ignoring JPA class transformer
2024-12-23T22:19:03.113+09:00  WARN 24892 --- [task_management] [restartedMain] org.hibernate.dialect.Dialect            : HHH000511: The 5.7.41 version for [org.hibernate.dialect.MySQLDialect] is no longer supported, hence certain features may not work properly. The minimum supported version is 8.0.0. Check the community dialects project for available legacy versions.
2024-12-23T22:19:03.719+09:00  INFO 24892 --- [task_management] [restartedMain] o.h.e.t.j.p.i.JtaPlatformInitiator       : HHH000489: No JTA platform available (set 'hibernate.transaction.jta.platform' to enable JTA platform integration)
2024-12-23T22:19:03.721+09:00  INFO 24892 --- [task_management] [restartedMain] j.LocalContainerEntityManagerFactoryBean : Initialized JPA EntityManagerFactory for persistence unit 'default'
2024-12-23T22:19:04.061+09:00  INFO 24892 --- [task_management] [restartedMain] org.dozer.config.GlobalSettings          : Trying to find Dozer configuration file: dozer.properties
2024-12-23T22:19:04.070+09:00  WARN 24892 --- [task_management] [restartedMain] org.dozer.config.GlobalSettings          : Dozer configuration file not found: dozer.properties.  Using defaults for all Dozer global properties.
2024-12-23T22:19:04.072+09:00  INFO 24892 --- [task_management] [restartedMain] org.dozer.DozerInitializer               : Initializing Dozer. Version: 5.5.0, Thread Name: restartedMain
2024-12-23T22:19:04.076+09:00  INFO 24892 --- [task_management] [restartedMain] org.dozer.jmx.JMXPlatformImpl            : Dozer JMX MBean [org.dozer.jmx:type=DozerStatisticsController] auto registered with the Platform MBean Server
2024-12-23T22:19:04.078+09:00  INFO 24892 --- [task_management] [restartedMain] org.dozer.jmx.JMXPlatformImpl            : Dozer JMX MBean [org.dozer.jmx:type=DozerAdminController] auto registered with the Platform MBean Server
2024-12-23T22:19:04.079+09:00  INFO 24892 --- [task_management] [restartedMain] org.dozer.DozerBeanMapper                : Initializing a new instance of dozer bean mapper.
2024-12-23T22:19:04.170+09:00  INFO 24892 --- [task_management] [restartedMain] o.s.d.j.r.query.QueryEnhancerFactory     : Hibernate is in classpath; If applicable, HQL parser will be used.
2024-12-23T22:19:04.583+09:00  WARN 24892 --- [task_management] [restartedMain] JpaBaseConfiguration$JpaWebConfiguration : spring.jpa.open-in-view is enabled by default. Therefore, database queries may be performed during view rendering. Explicitly configure spring.jpa.open-in-view to disable this warning
2024-12-23T22:19:04.623+09:00  INFO 24892 --- [task_management] [restartedMain] eAuthenticationProviderManagerConfigurer : Global AuthenticationManager configured with AuthenticationProvider bean with name daoAuthenticationProvider
2024-12-23T22:19:04.624+09:00  WARN 24892 --- [task_management] [restartedMain] r$InitializeUserDetailsManagerConfigurer : Global AuthenticationManager configured with an AuthenticationProvider bean. UserDetailsService beans will not be used for username/password login. Consider removing the AuthenticationProvider bean. Alternatively, consider using the UserDetailsService in a manually instantiated DaoAuthenticationProvider.
2024-12-23T22:19:05.429+09:00  INFO 24892 --- [task_management] [restartedMain] o.s.b.d.a.OptionalLiveReloadServer       : LiveReload server is running on port 35729
2024-12-23T22:19:05.500+09:00  INFO 24892 --- [task_management] [restartedMain] o.s.b.w.embedded.tomcat.TomcatWebServer  : Tomcat started on port 8080 (http) with context path '/'
2024-12-23T22:19:05.510+09:00  INFO 24892 --- [task_management] [restartedMain] c.s.t.TaskManagementApplication          : Started TaskManagementApplication in 5.079 seconds (process running for 5.61)
2024-12-23T22:19:08.214+09:00  INFO 24892 --- [task_management] [http-nio-8080-exec-1] o.a.c.c.C.[Tomcat].[localhost].[/]       : Initializing Spring DispatcherServlet 'dispatcherServlet'
2024-12-23T22:19:08.214+09:00  INFO 24892 --- [task_management] [http-nio-8080-exec-1] o.s.web.servlet.DispatcherServlet        : Initializing Servlet 'dispatcherServlet'
2024-12-23T22:19:08.215+09:00  INFO 24892 --- [task_management] [http-nio-8080-exec-1] o.s.web.servlet.DispatcherServlet        : Completed initialization in 0 ms
